{
  message: 'Servidor Corriendo en el puerto 9851',
  level: 'info',
  timestamp: '2021-04-17 08:25:23',
  label: undefined,
  metadata: {}
}
{
  message: 'Servidor Corriendo en el puerto 9851',
  level: 'info',
  timestamp: '2021-04-17 08:50:53',
  label: undefined,
  metadata: {}
}
{
  message: 'Servidor Corriendo en el puerto 9851',
  level: 'info',
  timestamp: '2021-04-17 08:51:22',
  label: undefined,
  metadata: {}
}
{
  message: 'Servidor Corriendo en el puerto 9851',
  level: 'info',
  timestamp: '2021-04-18 09:59:11',
  label: undefined,
  metadata: {}
}
{
  message: 'Servidor Corriendo en el puerto 9851',
  level: 'info',
  timestamp: '2021-04-18 11:28:46',
  label: undefined,
  metadata: {}
}
{
  message: 'Servidor Corriendo en el puerto 9851',
  level: 'info',
  timestamp: '2021-04-18 11:29:02',
  label: undefined,
  metadata: {}
}
{
  message: 'Servidor Corriendo en el puerto 9851',
  level: 'info',
  timestamp: '2021-04-18 11:29:36',
  label: undefined,
  metadata: {}
}
{
  message: 'Servidor Corriendo en el puerto 9851',
  level: 'info',
  timestamp: '2021-04-18 11:30:49',
  label: undefined,
  metadata: {}
}
{
  message: 'Servidor Corriendo en el puerto 9851',
  level: 'info',
  timestamp: '2021-04-18 11:34:22',
  label: undefined,
  metadata: {}
}
{
  message: 'Servidor Corriendo en el puerto 9851',
  level: 'info',
  timestamp: '2021-04-18 11:34:59',
  label: undefined,
  metadata: {}
}
{
  message: 'Servidor Corriendo en el puerto 9851',
  level: 'info',
  timestamp: '2021-04-18 11:46:00',
  label: undefined,
  metadata: {}
}
{
  message: 'Servidor Corriendo en el puerto 9851',
  level: 'info',
  timestamp: '2021-04-18 11:48:27',
  label: undefined,
  metadata: {}
}
{
  message: 'Servidor Corriendo en el puerto 9851',
  level: 'info',
  timestamp: '2021-04-18 11:48:58',
  label: undefined,
  metadata: {}
}
{
  message: 'Servidor Corriendo en el puerto 9851',
  level: 'info',
  timestamp: '2021-04-20 21:24:19',
  label: undefined,
  metadata: {}
}
{
  message: 'Servidor Corriendo en el puerto 9851',
  level: 'info',
  timestamp: '2021-04-20 21:25:50',
  label: undefined,
  metadata: {}
}
{
  message: 'Servidor Corriendo en el puerto 9851',
  level: 'info',
  timestamp: '2021-04-20 21:26:30',
  label: undefined,
  metadata: {}
}
{
  message: 'Servidor Corriendo en el puerto 9851',
  level: 'info',
  timestamp: '2021-04-20 21:48:59',
  label: undefined,
  metadata: {}
}
{
  message: 'Servidor Corriendo en el puerto 9851',
  level: 'info',
  timestamp: '2021-04-20 21:56:57',
  label: undefined,
  metadata: {}
}
{
  message: 'Servidor Corriendo en el puerto 9851',
  level: 'info',
  timestamp: '2021-04-20 22:00:26',
  label: undefined,
  metadata: {}
}
{
  message: 'Servidor Corriendo en el puerto 9851',
  level: 'info',
  timestamp: '2021-04-20 22:02:50',
  label: undefined,
  metadata: {}
}
{
  message: 'Servidor Corriendo en el puerto 9851',
  level: 'info',
  timestamp: '2021-04-20 22:03:10',
  label: undefined,
  metadata: {}
}
{
  message: 'Servidor Corriendo en el puerto 9851',
  level: 'info',
  timestamp: '2021-04-20 22:06:46',
  label: undefined,
  metadata: {}
}
{
  message: 'Servidor Corriendo en el puerto 9851',
  level: 'info',
  timestamp: '2021-04-20 22:08:47',
  label: undefined,
  metadata: {}
}
{
  message: 'Servidor Corriendo en el puerto 9851',
  level: 'info',
  timestamp: '2021-04-20 22:09:33',
  label: undefined,
  metadata: {}
}
{
  message: 'Servidor Corriendo en el puerto 9851',
  level: 'info',
  timestamp: '2021-04-20 22:13:11',
  label: undefined,
  metadata: {}
}
{
  message: 'Error en la conexion',
  level: 'error',
  timestamp: '2021-04-20 22:13:41',
  label: undefined,
  metadata: {}
}
{
  message: 'Servidor Corriendo en el puerto 9851',
  level: 'info',
  timestamp: '2021-04-20 22:15:01',
  label: undefined,
  metadata: {}
}
{
  message: 'Servidor Corriendo en el puerto 9851',
  level: 'info',
  timestamp: '2021-04-20 22:15:19',
  label: undefined,
  metadata: {}
}
{
  message: 'Conexion Online',
  level: 'warn',
  timestamp: '2021-04-20 22:15:19',
  label: undefined,
  metadata: {}
}
{
  message: 'Servidor Corriendo en el puerto 9851',
  level: 'info',
  timestamp: '2021-04-20 22:19:15',
  label: undefined,
  metadata: {}
}
{
  message: 'Conexion Online',
  level: 'warn',
  timestamp: '2021-04-20 22:19:15',
  label: undefined,
  metadata: {}
}
{
  message: 'Servidor Corriendo en el puerto 9851',
  level: 'info',
  timestamp: '2021-04-20 22:20:26',
  label: undefined,
  metadata: {}
}
{
  message: 'Conexion Online',
  level: 'warn',
  timestamp: '2021-04-20 22:20:26',
  label: undefined,
  metadata: {}
}
{
  message: 'Servidor Corriendo en el puerto 9851',
  level: 'info',
  timestamp: '2021-04-20 22:22:56',
  label: undefined,
  metadata: {}
}
{
  message: 'Conexion Online',
  level: 'warn',
  timestamp: '2021-04-20 22:22:56',
  label: undefined,
  metadata: {}
}
{
  message: 'Servidor Corriendo en el puerto 9851',
  level: 'info',
  timestamp: '2021-04-20 22:24:12',
  label: undefined,
  metadata: {}
}
{
  message: 'Conexion Online',
  level: 'warn',
  timestamp: '2021-04-20 22:24:12',
  label: undefined,
  metadata: {}
}
{
  message: 'Servidor Corriendo en el puerto 9851',
  level: 'info',
  timestamp: '2021-04-20 22:24:38',
  label: undefined,
  metadata: {}
}
{
  message: 'Conexion Online',
  level: 'warn',
  timestamp: '2021-04-20 22:24:38',
  label: undefined,
  metadata: {}
}
{
  message: 'Servidor Corriendo en el puerto 9851',
  level: 'info',
  timestamp: '2021-04-20 22:26:34',
  label: undefined,
  metadata: {}
}
{
  message: 'Conexion Online',
  level: 'warn',
  timestamp: '2021-04-20 22:26:34',
  label: undefined,
  metadata: {}
}
{
  message: 'Servidor Corriendo en el puerto 9851',
  level: 'info',
  timestamp: '2021-04-20 22:26:54',
  label: undefined,
  metadata: {}
}
{
  message: 'Conexion Online',
  level: 'warn',
  timestamp: '2021-04-20 22:26:54',
  label: undefined,
  metadata: {}
}
{
  message: 'Servidor Corriendo en el puerto 9851',
  level: 'info',
  timestamp: '2021-04-21 05:29:29',
  label: undefined,
  metadata: {}
}
{
  message: 'Error en la conexion',
  level: 'error',
  timestamp: '2021-04-21 05:29:59',
  label: undefined,
  metadata: {}
}
{
  message: 'Servidor Corriendo en el puerto 9851',
  level: 'info',
  timestamp: '2021-04-21 05:31:32',
  label: undefined,
  metadata: {}
}
{
  message: 'Conexion Online',
  level: 'warn',
  timestamp: '2021-04-21 05:31:32',
  label: undefined,
  metadata: {}
}
{
  message: 'Servidor Corriendo en el puerto 9851',
  level: 'info',
  timestamp: '2021-04-21 05:33:45',
  label: undefined,
  metadata: {}
}
{
  message: 'Conexion Online',
  level: 'warn',
  timestamp: '2021-04-21 05:33:45',
  label: undefined,
  metadata: {}
}
{
  message: 'Servidor Corriendo en el puerto 9851',
  level: 'info',
  timestamp: '2021-04-21 05:34:54',
  label: undefined,
  metadata: {}
}
{
  message: 'Conexion Online',
  level: 'warn',
  timestamp: '2021-04-21 05:34:54',
  label: undefined,
  metadata: {}
}
{
  message: 'Servidor Corriendo en el puerto 9851',
  level: 'info',
  timestamp: '2021-04-21 05:36:51',
  label: undefined,
  metadata: {}
}
{
  message: 'Conexion Online',
  level: 'warn',
  timestamp: '2021-04-21 05:36:51',
  label: undefined,
  metadata: {}
}
{
  message: 'Servidor Corriendo en el puerto 9851',
  level: 'info',
  timestamp: '2021-04-21 05:37:12',
  label: undefined,
  metadata: {}
}
{
  message: 'Conexion Online',
  level: 'warn',
  timestamp: '2021-04-21 05:37:12',
  label: undefined,
  metadata: {}
}
{
  message: 'Servidor Corriendo en el puerto 9851',
  level: 'info',
  timestamp: '2021-04-21 05:47:58',
  label: undefined,
  metadata: {}
}
{
  message: 'Conexion Online',
  level: 'warn',
  timestamp: '2021-04-21 05:47:58',
  label: undefined,
  metadata: {}
}
{
  message: 'Servidor Corriendo en el puerto 9851',
  level: 'info',
  timestamp: '2021-04-21 05:53:01',
  label: undefined,
  metadata: {}
}
{
  message: 'Conexion Online',
  level: 'warn',
  timestamp: '2021-04-21 05:53:01',
  label: undefined,
  metadata: {}
}
{
  message: 'Servidor Corriendo en el puerto 9851',
  level: 'info',
  timestamp: '2021-04-21 05:54:28',
  label: undefined,
  metadata: {}
}
{
  message: 'Conexion Online',
  level: 'warn',
  timestamp: '2021-04-21 05:54:28',
  label: undefined,
  metadata: {}
}
{
  message: 'Servidor Corriendo en el puerto 9851',
  level: 'info',
  timestamp: '2021-04-21 06:01:31',
  label: undefined,
  metadata: {}
}
{
  message: 'Conexion Online',
  level: 'warn',
  timestamp: '2021-04-21 06:01:31',
  label: undefined,
  metadata: {}
}
{
  message: 'Servidor Corriendo en el puerto 9851',
  level: 'info',
  timestamp: '2021-04-21 06:10:53',
  label: undefined,
  metadata: {}
}
{
  message: 'Conexion Online',
  level: 'warn',
  timestamp: '2021-04-21 06:10:54',
  label: undefined,
  metadata: {}
}
{
  message: 'Servidor Corriendo en el puerto 9851',
  level: 'info',
  timestamp: '2021-04-21 06:13:15',
  label: undefined,
  metadata: {}
}
{
  message: 'Conexion Online',
  level: 'warn',
  timestamp: '2021-04-21 06:13:15',
  label: undefined,
  metadata: {}
}
